{"/Users/simonglancy/Dev/dice-venue-search/src/App.tsx": {"path":"/Users/simonglancy/Dev/dice-venue-search/src/App.tsx","statementMap":{"0":{"start":{"line":11,"column":2},"end":{"line":19,"column":null}}},"fnMap":{"0":{"name":"App","decl":{"start":{"line":10,"column":9},"end":{"line":10,"column":12}},"loc":{"start":{"line":10,"column":15},"end":{"line":21,"column":null}}}},"branchMap":{},"s":{"0":0},"f":{"0":0},"b":{}}
,"/Users/simonglancy/Dev/dice-venue-search/src/main.tsx": {"path":"/Users/simonglancy/Dev/dice-venue-search/src/main.tsx","statementMap":{"0":{"start":{"line":6,"column":0},"end":{"line":10,"column":null}}},"fnMap":{},"branchMap":{},"s":{"0":0},"f":{},"b":{}}
,"/Users/simonglancy/Dev/dice-venue-search/src/components/Accordian/Accordian.style.ts": {"path":"/Users/simonglancy/Dev/dice-venue-search/src/components/Accordian/Accordian.style.ts","statementMap":{"0":{"start":{"line":4,"column":34},"end":{"line":11,"column":null}},"1":{"start":{"line":5,"column":17},"end":{"line":11,"column":1}},"2":{"start":{"line":14,"column":31},"end":{"line":32,"column":null}},"3":{"start":{"line":15,"column":17},"end":{"line":32,"column":1}},"4":{"start":{"line":35,"column":33},"end":{"line":45,"column":null}},"5":{"start":{"line":36,"column":17},"end":{"line":45,"column":1}}},"fnMap":{"0":{"name":"(anonymous_0)","decl":{"start":{"line":5,"column":2},"end":{"line":5,"column":3}},"loc":{"start":{"line":5,"column":17},"end":{"line":11,"column":1}}},"1":{"name":"(anonymous_1)","decl":{"start":{"line":15,"column":2},"end":{"line":15,"column":3}},"loc":{"start":{"line":15,"column":17},"end":{"line":32,"column":1}}},"2":{"name":"(anonymous_2)","decl":{"start":{"line":36,"column":2},"end":{"line":36,"column":3}},"loc":{"start":{"line":36,"column":17},"end":{"line":45,"column":1}}}},"branchMap":{},"s":{"0":0,"1":0,"2":0,"3":0,"4":0,"5":0},"f":{"0":0,"1":0,"2":0},"b":{}}
,"/Users/simonglancy/Dev/dice-venue-search/src/components/Accordian/Accordian.tsx": {"path":"/Users/simonglancy/Dev/dice-venue-search/src/components/Accordian/Accordian.tsx","statementMap":{"0":{"start":{"line":17,"column":18},"end":{"line":38,"column":1}},"1":{"start":{"line":25,"column":6},"end":{"line":25,"column":11}},"2":{"start":{"line":23,"column":23},"end":{"line":23,"column":29}},"3":{"start":{"line":24,"column":25},"end":{"line":24,"column":31}},"4":{"start":{"line":26,"column":2},"end":{"line":36,"column":null}}},"fnMap":{"0":{"name":"(anonymous_0)","decl":{"start":{"line":17,"column":18},"end":{"line":17,"column":19}},"loc":{"start":{"line":17,"column":64},"end":{"line":38,"column":1}}},"1":{"name":"(anonymous_1)","decl":{"start":{"line":23,"column":17},"end":{"line":23,"column":23}},"loc":{"start":{"line":23,"column":23},"end":{"line":23,"column":29}}},"2":{"name":"(anonymous_2)","decl":{"start":{"line":24,"column":19},"end":{"line":24,"column":25}},"loc":{"start":{"line":24,"column":25},"end":{"line":24,"column":31}}}},"branchMap":{"0":{"loc":{"start":{"line":23,"column":4},"end":{"line":23,"column":29}},"type":"default-arg","locations":[{"start":{"line":23,"column":17},"end":{"line":23,"column":29}}]},"1":{"loc":{"start":{"line":24,"column":4},"end":{"line":24,"column":31}},"type":"default-arg","locations":[{"start":{"line":24,"column":19},"end":{"line":24,"column":31}}]},"2":{"loc":{"start":{"line":29,"column":9},"end":{"line":29,"column":38}},"type":"binary-expr","locations":[{"start":{"line":29,"column":9},"end":{"line":29,"column":14}},{"start":{"line":29,"column":18},"end":{"line":29,"column":38}}]},"3":{"loc":{"start":{"line":30,"column":9},"end":{"line":32,"column":44}},"type":"cond-expr","locations":[{"start":{"line":31,"column":12},"end":{"line":31,"column":40}},{"start":{"line":32,"column":12},"end":{"line":32,"column":44}}]},"4":{"loc":{"start":{"line":31,"column":12},"end":{"line":31,"column":40}},"type":"binary-expr","locations":[{"start":{"line":31,"column":12},"end":{"line":31,"column":22}},{"start":{"line":31,"column":26},"end":{"line":31,"column":40}}]},"5":{"loc":{"start":{"line":32,"column":12},"end":{"line":32,"column":44}},"type":"binary-expr","locations":[{"start":{"line":32,"column":12},"end":{"line":32,"column":24}},{"start":{"line":32,"column":28},"end":{"line":32,"column":44}}]},"6":{"loc":{"start":{"line":35,"column":7},"end":{"line":35,"column":69}},"type":"binary-expr","locations":[{"start":{"line":35,"column":7},"end":{"line":35,"column":16}},{"start":{"line":35,"column":20},"end":{"line":35,"column":69}}]}},"s":{"0":0,"1":0,"2":0,"3":0,"4":0},"f":{"0":0,"1":0,"2":0},"b":{"0":[0],"1":[0],"2":[0,0],"3":[0,0],"4":[0,0],"5":[0,0],"6":[0,0]}}
,"/Users/simonglancy/Dev/dice-venue-search/src/components/AppHeader/AppHeader.style.ts": {"path":"/Users/simonglancy/Dev/dice-venue-search/src/components/AppHeader/AppHeader.style.ts","statementMap":{"0":{"start":{"line":3,"column":31},"end":{"line":17,"column":null}},"1":{"start":{"line":4,"column":17},"end":{"line":17,"column":1}},"2":{"start":{"line":20,"column":26},"end":{"line":23,"column":null}},"3":{"start":{"line":21,"column":17},"end":{"line":23,"column":1}},"4":{"start":{"line":26,"column":27},"end":{"line":29,"column":null}},"5":{"start":{"line":27,"column":17},"end":{"line":29,"column":1}}},"fnMap":{"0":{"name":"(anonymous_0)","decl":{"start":{"line":4,"column":2},"end":{"line":4,"column":3}},"loc":{"start":{"line":4,"column":17},"end":{"line":17,"column":1}}},"1":{"name":"(anonymous_1)","decl":{"start":{"line":21,"column":2},"end":{"line":21,"column":3}},"loc":{"start":{"line":21,"column":17},"end":{"line":23,"column":1}}},"2":{"name":"(anonymous_2)","decl":{"start":{"line":27,"column":2},"end":{"line":27,"column":3}},"loc":{"start":{"line":27,"column":17},"end":{"line":29,"column":1}}}},"branchMap":{},"s":{"0":0,"1":0,"2":0,"3":0,"4":0,"5":0},"f":{"0":0,"1":0,"2":0},"b":{}}
,"/Users/simonglancy/Dev/dice-venue-search/src/components/AppHeader/AppHeader.tsx": {"path":"/Users/simonglancy/Dev/dice-venue-search/src/components/AppHeader/AppHeader.tsx","statementMap":{"0":{"start":{"line":7,"column":18},"end":{"line":19,"column":1}},"1":{"start":{"line":8,"column":37},"end":{"line":8,"column":60}},"2":{"start":{"line":9,"column":2},"end":{"line":17,"column":null}}},"fnMap":{"0":{"name":"(anonymous_0)","decl":{"start":{"line":7,"column":18},"end":{"line":7,"column":24}},"loc":{"start":{"line":7,"column":24},"end":{"line":19,"column":1}}}},"branchMap":{},"s":{"0":0,"1":0,"2":0},"f":{"0":0},"b":{}}
,"/Users/simonglancy/Dev/dice-venue-search/src/components/Button/Button.styles.ts": {"path":"/Users/simonglancy/Dev/dice-venue-search/src/components/Button/Button.styles.ts","statementMap":{"0":{"start":{"line":7,"column":28},"end":{"line":22,"column":null}},"1":{"start":{"line":8,"column":31},"end":{"line":22,"column":1}}},"fnMap":{"0":{"name":"(anonymous_0)","decl":{"start":{"line":8,"column":2},"end":{"line":8,"column":3}},"loc":{"start":{"line":8,"column":31},"end":{"line":22,"column":1}}}},"branchMap":{"0":{"loc":{"start":{"line":10,"column":4},"end":{"line":10,"column":63}},"type":"binary-expr","locations":[{"start":{"line":10,"column":4},"end":{"line":10,"column":31}},{"start":{"line":10,"column":35},"end":{"line":10,"column":63}}]}},"s":{"0":0,"1":0},"f":{"0":0},"b":{"0":[0,0]}}
,"/Users/simonglancy/Dev/dice-venue-search/src/components/Button/Button.tsx": {"path":"/Users/simonglancy/Dev/dice-venue-search/src/components/Button/Button.tsx","statementMap":{"0":{"start":{"line":22,"column":15},"end":{"line":30,"column":1}},"1":{"start":{"line":23,"column":74},"end":{"line":23,"column":79}},"2":{"start":{"line":25,"column":2},"end":{"line":28,"column":null}}},"fnMap":{"0":{"name":"(anonymous_0)","decl":{"start":{"line":22,"column":15},"end":{"line":22,"column":16}},"loc":{"start":{"line":22,"column":58},"end":{"line":30,"column":1}}}},"branchMap":{"0":{"loc":{"start":{"line":23,"column":36},"end":{"line":23,"column":60}},"type":"default-arg","locations":[{"start":{"line":23,"column":51},"end":{"line":23,"column":60}}]}},"s":{"0":0,"1":0,"2":0},"f":{"0":0},"b":{"0":[0]}}
,"/Users/simonglancy/Dev/dice-venue-search/src/components/ColumnList/ColumnList.tsx": {"path":"/Users/simonglancy/Dev/dice-venue-search/src/components/ColumnList/ColumnList.tsx","statementMap":{"0":{"start":{"line":11,"column":24},"end":{"line":14,"column":null}},"1":{"start":{"line":12,"column":17},"end":{"line":14,"column":1}},"2":{"start":{"line":17,"column":19},"end":{"line":25,"column":1}},"3":{"start":{"line":18,"column":39},"end":{"line":18,"column":44}},"4":{"start":{"line":19,"column":2},"end":{"line":23,"column":null}}},"fnMap":{"0":{"name":"(anonymous_0)","decl":{"start":{"line":12,"column":2},"end":{"line":12,"column":3}},"loc":{"start":{"line":12,"column":17},"end":{"line":14,"column":1}}},"1":{"name":"(anonymous_1)","decl":{"start":{"line":17,"column":19},"end":{"line":17,"column":31}},"loc":{"start":{"line":17,"column":68},"end":{"line":25,"column":1}}}},"branchMap":{"0":{"loc":{"start":{"line":21,"column":7},"end":{"line":21,"column":58}},"type":"binary-expr","locations":[{"start":{"line":21,"column":7},"end":{"line":21,"column":12}},{"start":{"line":21,"column":16},"end":{"line":21,"column":58}}]}},"s":{"0":0,"1":0,"2":0,"3":0,"4":0},"f":{"0":0,"1":0},"b":{"0":[0,0]}}
,"/Users/simonglancy/Dev/dice-venue-search/src/components/DiceLogo/DiceLogo.tsx": {"path":"/Users/simonglancy/Dev/dice-venue-search/src/components/DiceLogo/DiceLogo.tsx","statementMap":{"0":{"start":{"line":1,"column":17},"end":{"line":3,"column":null}},"1":{"start":{"line":2,"column":2},"end":{"line":3,"column":null}}},"fnMap":{"0":{"name":"(anonymous_0)","decl":{"start":{"line":1,"column":17},"end":{"line":1,"column":null}},"loc":{"start":{"line":2,"column":2},"end":{"line":3,"column":null}}}},"branchMap":{},"s":{"0":0,"1":0},"f":{"0":0},"b":{}}
,"/Users/simonglancy/Dev/dice-venue-search/src/components/FlexBox/FlexBox.tsx": {"path":"/Users/simonglancy/Dev/dice-venue-search/src/components/FlexBox/FlexBox.tsx","statementMap":{"0":{"start":{"line":10,"column":16},"end":{"line":18,"column":1}},"1":{"start":{"line":11,"column":55},"end":{"line":11,"column":60}},"2":{"start":{"line":12,"column":16},"end":{"line":12,"column":70}},"3":{"start":{"line":12,"column":31},"end":{"line":12,"column":52}},"4":{"start":{"line":13,"column":2},"end":{"line":16,"column":null}}},"fnMap":{"0":{"name":"(anonymous_0)","decl":{"start":{"line":10,"column":16},"end":{"line":10,"column":17}},"loc":{"start":{"line":10,"column":60},"end":{"line":18,"column":1}}},"1":{"name":"(anonymous_1)","decl":{"start":{"line":12,"column":24},"end":{"line":12,"column":30}},"loc":{"start":{"line":12,"column":31},"end":{"line":12,"column":52}}}},"branchMap":{"0":{"loc":{"start":{"line":11,"column":20},"end":{"line":11,"column":36}},"type":"default-arg","locations":[{"start":{"line":11,"column":30},"end":{"line":11,"column":36}}]}},"s":{"0":0,"1":0,"2":0,"3":0,"4":0},"f":{"0":0,"1":0},"b":{"0":[0]}}
,"/Users/simonglancy/Dev/dice-venue-search/src/components/PageColumns/PageColumns.style.ts": {"path":"/Users/simonglancy/Dev/dice-venue-search/src/components/PageColumns/PageColumns.style.ts","statementMap":{"0":{"start":{"line":10,"column":36},"end":{"line":20,"column":null}},"1":{"start":{"line":11,"column":49},"end":{"line":20,"column":1}}},"fnMap":{"0":{"name":"(anonymous_0)","decl":{"start":{"line":11,"column":2},"end":{"line":11,"column":3}},"loc":{"start":{"line":11,"column":49},"end":{"line":20,"column":1}}}},"branchMap":{"0":{"loc":{"start":{"line":13,"column":20},"end":{"line":13,"column":38}},"type":"binary-expr","locations":[{"start":{"line":13,"column":20},"end":{"line":13,"column":29}},{"start":{"line":13,"column":33},"end":{"line":13,"column":38}}]},"1":{"loc":{"start":{"line":17,"column":21},"end":{"line":17,"column":54}},"type":"binary-expr","locations":[{"start":{"line":17,"column":21},"end":{"line":17,"column":35}},{"start":{"line":17,"column":39},"end":{"line":17,"column":54}}]},"2":{"loc":{"start":{"line":18,"column":9},"end":{"line":18,"column":32}},"type":"binary-expr","locations":[{"start":{"line":18,"column":9},"end":{"line":18,"column":12}},{"start":{"line":18,"column":16},"end":{"line":18,"column":32}}]}},"s":{"0":0,"1":0},"f":{"0":0},"b":{"0":[0,0],"1":[0,0],"2":[0,0]}}
,"/Users/simonglancy/Dev/dice-venue-search/src/components/PageColumns/PageColumns.tsx": {"path":"/Users/simonglancy/Dev/dice-venue-search/src/components/PageColumns/PageColumns.tsx","statementMap":{"0":{"start":{"line":9,"column":20},"end":{"line":67,"column":1}},"1":{"start":{"line":27,"column":6},"end":{"line":27,"column":11}},"2":{"start":{"line":29,"column":49},"end":{"line":34,"column":4}},"3":{"start":{"line":36,"column":22},"end":{"line":36,"column":68}},"4":{"start":{"line":38,"column":24},"end":{"line":59,"column":null}},"5":{"start":{"line":40,"column":6},"end":{"line":50,"column":null}},"6":{"start":{"line":41,"column":8},"end":{"line":48,"column":null}},"7":{"start":{"line":51,"column":6},"end":{"line":56,"column":null}},"8":{"start":{"line":54,"column":12},"end":{"line":54,"column":48}},"9":{"start":{"line":62,"column":2},"end":{"line":65,"column":null}}},"fnMap":{"0":{"name":"(anonymous_2)","decl":{"start":{"line":9,"column":20},"end":{"line":9,"column":null}},"loc":{"start":{"line":11,"column":5},"end":{"line":67,"column":1}}},"1":{"name":"(anonymous_3)","decl":{"start":{"line":39,"column":4},"end":{"line":39,"column":5}},"loc":{"start":{"line":39,"column":34},"end":{"line":58,"column":null}}},"2":{"name":"(anonymous_4)","decl":{"start":{"line":53,"column":31},"end":{"line":53,"column":32}},"loc":{"start":{"line":54,"column":12},"end":{"line":54,"column":48}}}},"branchMap":{"0":{"loc":{"start":{"line":16,"column":4},"end":{"line":20,"column":null}},"type":"default-arg","locations":[{"start":{"line":16,"column":19},"end":{"line":20,"column":null}}]},"1":{"loc":{"start":{"line":21,"column":4},"end":{"line":21,"column":null}},"type":"default-arg","locations":[{"start":{"line":21,"column":20},"end":{"line":21,"column":null}}]},"2":{"loc":{"start":{"line":22,"column":4},"end":{"line":22,"column":21}},"type":"default-arg","locations":[{"start":{"line":22,"column":20},"end":{"line":22,"column":21}}]},"3":{"loc":{"start":{"line":24,"column":4},"end":{"line":24,"column":17}},"type":"default-arg","locations":[{"start":{"line":24,"column":16},"end":{"line":24,"column":17}}]},"4":{"loc":{"start":{"line":25,"column":4},"end":{"line":25,"column":22}},"type":"default-arg","locations":[{"start":{"line":25,"column":18},"end":{"line":25,"column":22}}]},"5":{"loc":{"start":{"line":40,"column":6},"end":{"line":50,"column":null}},"type":"if","locations":[{"start":{"line":40,"column":6},"end":{"line":50,"column":null}}]}},"s":{"0":0,"1":0,"2":0,"3":0,"4":0,"5":0,"6":0,"7":0,"8":0,"9":0},"f":{"0":0,"1":0,"2":0},"b":{"0":[0],"1":[0],"2":[0],"3":[0],"4":[0],"5":[0]}}
,"/Users/simonglancy/Dev/dice-venue-search/src/components/PlayButton/PlayButton.style.ts": {"path":"/Users/simonglancy/Dev/dice-venue-search/src/components/PlayButton/PlayButton.style.ts","statementMap":{"0":{"start":{"line":3,"column":35},"end":{"line":18,"column":null}},"1":{"start":{"line":4,"column":17},"end":{"line":18,"column":1}},"2":{"start":{"line":21,"column":33},"end":{"line":27,"column":null}},"3":{"start":{"line":22,"column":17},"end":{"line":27,"column":1}}},"fnMap":{"0":{"name":"(anonymous_0)","decl":{"start":{"line":4,"column":2},"end":{"line":4,"column":3}},"loc":{"start":{"line":4,"column":17},"end":{"line":18,"column":1}}},"1":{"name":"(anonymous_1)","decl":{"start":{"line":22,"column":2},"end":{"line":22,"column":3}},"loc":{"start":{"line":22,"column":17},"end":{"line":27,"column":1}}}},"branchMap":{},"s":{"0":0,"1":0,"2":0,"3":0},"f":{"0":0,"1":0},"b":{}}
,"/Users/simonglancy/Dev/dice-venue-search/src/components/PlayButton/PlayButton.tsx": {"path":"/Users/simonglancy/Dev/dice-venue-search/src/components/PlayButton/PlayButton.tsx","statementMap":{"0":{"start":{"line":7,"column":19},"end":{"line":14,"column":1}},"1":{"start":{"line":8,"column":29},"end":{"line":8,"column":34}},"2":{"start":{"line":9,"column":2},"end":{"line":12,"column":null}},"3":{"start":{"line":16,"column":34},"end":{"line":22,"column":2}},"4":{"start":{"line":17,"column":2},"end":{"line":20,"column":null}}},"fnMap":{"0":{"name":"(anonymous_2)","decl":{"start":{"line":7,"column":19},"end":{"line":7,"column":20}},"loc":{"start":{"line":7,"column":43},"end":{"line":14,"column":1}}},"1":{"name":"(anonymous_3)","decl":{"start":{"line":16,"column":34},"end":{"line":16,"column":35}},"loc":{"start":{"line":16,"column":58},"end":{"line":22,"column":2}}}},"branchMap":{},"s":{"0":0,"1":0,"2":0,"3":0,"4":0},"f":{"0":0,"1":0},"b":{}}
,"/Users/simonglancy/Dev/dice-venue-search/src/components/PlayIcon/PlayIcon.tsx": {"path":"/Users/simonglancy/Dev/dice-venue-search/src/components/PlayIcon/PlayIcon.tsx","statementMap":{"0":{"start":{"line":2,"column":17},"end":{"line":15,"column":null}},"1":{"start":{"line":3,"column":2},"end":{"line":15,"column":null}}},"fnMap":{"0":{"name":"(anonymous_0)","decl":{"start":{"line":2,"column":17},"end":{"line":2,"column":null}},"loc":{"start":{"line":3,"column":2},"end":{"line":15,"column":null}}}},"branchMap":{},"s":{"0":0,"1":0},"f":{"0":0},"b":{}}
,"/Users/simonglancy/Dev/dice-venue-search/src/components/ResponsivePage/ResponsivePage.styles.ts": {"path":"/Users/simonglancy/Dev/dice-venue-search/src/components/ResponsivePage/ResponsivePage.styles.ts","statementMap":{"0":{"start":{"line":3,"column":30},"end":{"line":15,"column":null}},"1":{"start":{"line":4,"column":17},"end":{"line":15,"column":1}},"2":{"start":{"line":19,"column":30},"end":{"line":28,"column":null}},"3":{"start":{"line":20,"column":17},"end":{"line":28,"column":1}}},"fnMap":{"0":{"name":"(anonymous_0)","decl":{"start":{"line":4,"column":2},"end":{"line":4,"column":3}},"loc":{"start":{"line":4,"column":17},"end":{"line":15,"column":1}}},"1":{"name":"(anonymous_1)","decl":{"start":{"line":20,"column":2},"end":{"line":20,"column":3}},"loc":{"start":{"line":20,"column":17},"end":{"line":28,"column":1}}}},"branchMap":{"0":{"loc":{"start":{"line":7,"column":4},"end":{"line":9,"column":10}},"type":"cond-expr","locations":[{"start":{"line":8,"column":8},"end":{"line":8,"column":61}},{"start":{"line":9,"column":8},"end":{"line":9,"column":10}}]}},"s":{"0":0,"1":0,"2":0,"3":0},"f":{"0":0,"1":0},"b":{"0":[0,0]}}
,"/Users/simonglancy/Dev/dice-venue-search/src/components/ResponsivePage/ResponsivePage.tsx": {"path":"/Users/simonglancy/Dev/dice-venue-search/src/components/ResponsivePage/ResponsivePage.tsx","statementMap":{"0":{"start":{"line":11,"column":23},"end":{"line":25,"column":1}},"1":{"start":{"line":12,"column":50},"end":{"line":12,"column":55}},"2":{"start":{"line":13,"column":2},"end":{"line":23,"column":null}}},"fnMap":{"0":{"name":"(anonymous_0)","decl":{"start":{"line":11,"column":23},"end":{"line":11,"column":24}},"loc":{"start":{"line":11,"column":74},"end":{"line":25,"column":1}}}},"branchMap":{"0":{"loc":{"start":{"line":16,"column":9},"end":{"line":18,"column":null}},"type":"binary-expr","locations":[{"start":{"line":16,"column":9},"end":{"line":16,"column":14}},{"start":{"line":17,"column":10},"end":{"line":18,"column":null}}]}},"s":{"0":0,"1":0,"2":0},"f":{"0":0},"b":{"0":[0,0]}}
,"/Users/simonglancy/Dev/dice-venue-search/src/components/SearchBar/SearchBar.style.ts": {"path":"/Users/simonglancy/Dev/dice-venue-search/src/components/SearchBar/SearchBar.style.ts","statementMap":{"0":{"start":{"line":5,"column":29},"end":{"line":11,"column":null}},"1":{"start":{"line":6,"column":17},"end":{"line":11,"column":1}},"2":{"start":{"line":14,"column":27},"end":{"line":27,"column":null}},"3":{"start":{"line":15,"column":8},"end":{"line":27,"column":1}}},"fnMap":{"0":{"name":"(anonymous_0)","decl":{"start":{"line":6,"column":2},"end":{"line":6,"column":3}},"loc":{"start":{"line":6,"column":17},"end":{"line":11,"column":1}}},"1":{"name":"(anonymous_1)","decl":{"start":{"line":15,"column":2},"end":{"line":15,"column":8}},"loc":{"start":{"line":15,"column":8},"end":{"line":27,"column":1}}}},"branchMap":{},"s":{"0":0,"1":0,"2":0,"3":0},"f":{"0":0,"1":0},"b":{}}
,"/Users/simonglancy/Dev/dice-venue-search/src/components/SearchBar/SearchBar.tsx": {"path":"/Users/simonglancy/Dev/dice-venue-search/src/components/SearchBar/SearchBar.tsx","statementMap":{"0":{"start":{"line":12,"column":33},"end":{"line":12,"column":54}},"1":{"start":{"line":14,"column":18},"end":{"line":32,"column":1}},"2":{"start":{"line":19,"column":6},"end":{"line":19,"column":11}},"3":{"start":{"line":20,"column":2},"end":{"line":30,"column":null}}},"fnMap":{"0":{"name":"(anonymous_0)","decl":{"start":{"line":14,"column":18},"end":{"line":14,"column":19}},"loc":{"start":{"line":14,"column":45},"end":{"line":32,"column":1}}}},"branchMap":{"0":{"loc":{"start":{"line":18,"column":4},"end":{"line":18,"column":42}},"type":"default-arg","locations":[{"start":{"line":18,"column":18},"end":{"line":18,"column":42}}]}},"s":{"0":0,"1":0,"2":0,"3":0},"f":{"0":0},"b":{"0":[0]}}
,"/Users/simonglancy/Dev/dice-venue-search/src/components/SearchIcon/SearchIcon.tsx": {"path":"/Users/simonglancy/Dev/dice-venue-search/src/components/SearchIcon/SearchIcon.tsx","statementMap":{"0":{"start":{"line":9,"column":19},"end":{"line":27,"column":1}},"1":{"start":{"line":10,"column":62},"end":{"line":10,"column":67}},"2":{"start":{"line":11,"column":2},"end":{"line":25,"column":null}}},"fnMap":{"0":{"name":"(anonymous_0)","decl":{"start":{"line":9,"column":19},"end":{"line":9,"column":24}},"loc":{"start":{"line":9,"column":48},"end":{"line":27,"column":1}}}},"branchMap":{"0":{"loc":{"start":{"line":10,"column":10},"end":{"line":10,"column":20}},"type":"default-arg","locations":[{"start":{"line":10,"column":18},"end":{"line":10,"column":20}}]},"1":{"loc":{"start":{"line":10,"column":22},"end":{"line":10,"column":33}},"type":"default-arg","locations":[{"start":{"line":10,"column":31},"end":{"line":10,"column":33}}]},"2":{"loc":{"start":{"line":10,"column":35},"end":{"line":10,"column":50}},"type":"default-arg","locations":[{"start":{"line":10,"column":43},"end":{"line":10,"column":50}}]}},"s":{"0":0,"1":0,"2":0},"f":{"0":0},"b":{"0":[0],"1":[0],"2":[0]}}
,"/Users/simonglancy/Dev/dice-venue-search/src/components/VirtualColumn/VirtualColumn.style.ts": {"path":"/Users/simonglancy/Dev/dice-venue-search/src/components/VirtualColumn/VirtualColumn.style.ts","statementMap":{"0":{"start":{"line":5,"column":20},"end":{"line":13,"column":null}},"1":{"start":{"line":6,"column":26},"end":{"line":13,"column":1}}},"fnMap":{"0":{"name":"(anonymous_0)","decl":{"start":{"line":6,"column":2},"end":{"line":6,"column":3}},"loc":{"start":{"line":6,"column":26},"end":{"line":13,"column":1}}}},"branchMap":{},"s":{"0":0,"1":0},"f":{"0":0},"b":{}}
,"/Users/simonglancy/Dev/dice-venue-search/src/components/VirtualColumn/VirtualColumn.tsx": {"path":"/Users/simonglancy/Dev/dice-venue-search/src/components/VirtualColumn/VirtualColumn.tsx","statementMap":{"0":{"start":{"line":7,"column":22},"end":{"line":36,"column":1}},"1":{"start":{"line":8,"column":68},"end":{"line":8,"column":73}},"2":{"start":{"line":9,"column":15},"end":{"line":9,"column":65}},"3":{"start":{"line":9,"column":29},"end":{"line":9,"column":47}},"4":{"start":{"line":11,"column":38},"end":{"line":15,"column":4}},"5":{"start":{"line":17,"column":2},"end":{"line":34,"column":null}},"6":{"start":{"line":25,"column":8},"end":{"line":31,"column":null}},"7":{"start":{"line":28,"column":28},"end":{"line":28,"column":59}}},"fnMap":{"0":{"name":"(anonymous_0)","decl":{"start":{"line":7,"column":22},"end":{"line":7,"column":34}},"loc":{"start":{"line":7,"column":74},"end":{"line":36,"column":1}}},"1":{"name":"(anonymous_1)","decl":{"start":{"line":9,"column":23},"end":{"line":9,"column":29}},"loc":{"start":{"line":9,"column":29},"end":{"line":9,"column":47}}},"2":{"name":"(anonymous_2)","decl":{"start":{"line":24,"column":24},"end":{"line":24,"column":25}},"loc":{"start":{"line":25,"column":8},"end":{"line":31,"column":null}}},"3":{"name":"(anonymous_3)","decl":{"start":{"line":28,"column":15},"end":{"line":28,"column":16}},"loc":{"start":{"line":28,"column":28},"end":{"line":28,"column":59}}}},"branchMap":{"0":{"loc":{"start":{"line":8,"column":51},"end":{"line":8,"column":63}},"type":"default-arg","locations":[{"start":{"line":8,"column":62},"end":{"line":8,"column":63}}]},"1":{"loc":{"start":{"line":9,"column":29},"end":{"line":9,"column":47}},"type":"binary-expr","locations":[{"start":{"line":9,"column":29},"end":{"line":9,"column":42}},{"start":{"line":9,"column":46},"end":{"line":9,"column":47}}]}},"s":{"0":0,"1":0,"2":0,"3":0,"4":0,"5":0,"6":0,"7":0},"f":{"0":0,"1":0,"2":0,"3":0},"b":{"0":[0],"1":[0,0]}}
,"/Users/simonglancy/Dev/dice-venue-search/src/context/EventSearch/EventSearch.tsx": {"path":"/Users/simonglancy/Dev/dice-venue-search/src/context/EventSearch/EventSearch.tsx","statementMap":{"0":{"start":{"line":5,"column":49},"end":{"line":12,"column":1}},"1":{"start":{"line":15,"column":2},"end":{"line":15,"column":57}},"2":{"start":{"line":17,"column":28},"end":{"line":27,"column":1}},"3":{"start":{"line":18,"column":23},"end":{"line":18,"column":28}},"4":{"start":{"line":20,"column":16},"end":{"line":20,"column":32}},"5":{"start":{"line":22,"column":2},"end":{"line":25,"column":null}},"6":{"start":{"line":29,"column":37},"end":{"line":31,"column":2}},"7":{"start":{"line":30,"column":2},"end":{"line":30,"column":40}}},"fnMap":{"0":{"name":"(anonymous_0)","decl":{"start":{"line":6,"column":11},"end":{"line":6,"column":17}},"loc":{"start":{"line":6,"column":17},"end":{"line":6,"column":19}}},"1":{"name":"(anonymous_1)","decl":{"start":{"line":10,"column":12},"end":{"line":10,"column":18}},"loc":{"start":{"line":10,"column":18},"end":{"line":10,"column":20}}},"2":{"name":"(anonymous_2)","decl":{"start":{"line":17,"column":28},"end":{"line":17,"column":29}},"loc":{"start":{"line":17,"column":62},"end":{"line":27,"column":1}}},"3":{"name":"(anonymous_3)","decl":{"start":{"line":29,"column":37},"end":{"line":29,"column":43}},"loc":{"start":{"line":29,"column":43},"end":{"line":31,"column":2}}}},"branchMap":{},"s":{"0":0,"1":0,"2":0,"3":0,"4":0,"5":0,"6":0,"7":0},"f":{"0":0,"1":0,"2":0,"3":0},"b":{}}
,"/Users/simonglancy/Dev/dice-venue-search/src/hooks/use-accordian/use-accordian.ts": {"path":"/Users/simonglancy/Dev/dice-venue-search/src/hooks/use-accordian/use-accordian.ts","statementMap":{"0":{"start":{"line":1,"column":32},"end":{"line":1,"column":null}},"1":{"start":{"line":3,"column":21},"end":{"line":25,"column":1}},"2":{"start":{"line":4,"column":36},"end":{"line":4,"column":44}},"3":{"start":{"line":6,"column":17},"end":{"line":8,"column":3}},"4":{"start":{"line":7,"column":4},"end":{"line":7,"column":34}},"5":{"start":{"line":7,"column":27},"end":{"line":7,"column":32}},"6":{"start":{"line":10,"column":19},"end":{"line":12,"column":3}},"7":{"start":{"line":11,"column":4},"end":{"line":11,"column":23}},"8":{"start":{"line":14,"column":17},"end":{"line":16,"column":3}},"9":{"start":{"line":15,"column":4},"end":{"line":15,"column":24}},"10":{"start":{"line":18,"column":2},"end":{"line":24,"column":4}},"11":{"start":{"line":27,"column":15},"end":{"line":27,"column":27}}},"fnMap":{"0":{"name":"(anonymous_0)","decl":{"start":{"line":3,"column":21},"end":{"line":3,"column":22}},"loc":{"start":{"line":3,"column":55},"end":{"line":25,"column":1}}},"1":{"name":"(anonymous_1)","decl":{"start":{"line":6,"column":17},"end":{"line":6,"column":23}},"loc":{"start":{"line":6,"column":23},"end":{"line":8,"column":3}}},"2":{"name":"(anonymous_2)","decl":{"start":{"line":7,"column":17},"end":{"line":7,"column":18}},"loc":{"start":{"line":7,"column":27},"end":{"line":7,"column":32}}},"3":{"name":"(anonymous_3)","decl":{"start":{"line":10,"column":19},"end":{"line":10,"column":25}},"loc":{"start":{"line":10,"column":25},"end":{"line":12,"column":3}}},"4":{"name":"(anonymous_4)","decl":{"start":{"line":14,"column":17},"end":{"line":14,"column":23}},"loc":{"start":{"line":14,"column":23},"end":{"line":16,"column":3}}}},"branchMap":{"0":{"loc":{"start":{"line":3,"column":22},"end":{"line":3,"column":50}},"type":"default-arg","locations":[{"start":{"line":3,"column":46},"end":{"line":3,"column":50}}]}},"s":{"0":1,"1":1,"2":7,"3":7,"4":1,"5":1,"6":7,"7":1,"8":7,"9":1,"10":7,"11":1},"f":{"0":7,"1":1,"2":1,"3":1,"4":1},"b":{"0":[5]}}
,"/Users/simonglancy/Dev/dice-venue-search/src/hooks/use-column-width-measurer/use-column-width-measurer.ts": {"path":"/Users/simonglancy/Dev/dice-venue-search/src/hooks/use-column-width-measurer/use-column-width-measurer.ts","statementMap":{"0":{"start":{"line":1,"column":31},"end":{"line":1,"column":null}},"1":{"start":{"line":2,"column":41},"end":{"line":2,"column":null}},"2":{"start":{"line":3,"column":38},"end":{"line":3,"column":null}},"3":{"start":{"line":5,"column":31},"end":{"line":27,"column":1}},"4":{"start":{"line":6,"column":20},"end":{"line":6,"column":33}},"5":{"start":{"line":8,"column":16},"end":{"line":8,"column":24}},"6":{"start":{"line":9,"column":19},"end":{"line":9,"column":62}},"7":{"start":{"line":9,"column":33},"end":{"line":9,"column":52}},"8":{"start":{"line":10,"column":18},"end":{"line":10,"column":65}},"9":{"start":{"line":10,"column":32},"end":{"line":10,"column":50}},"10":{"start":{"line":11,"column":22},"end":{"line":11,"column":77}},"11":{"start":{"line":11,"column":36},"end":{"line":11,"column":54}},"12":{"start":{"line":12,"column":28},"end":{"line":12,"column":73}},"13":{"start":{"line":12,"column":42},"end":{"line":12,"column":57}},"14":{"start":{"line":13,"column":15},"end":{"line":13,"column":52}},"15":{"start":{"line":13,"column":29},"end":{"line":13,"column":40}},"16":{"start":{"line":14,"column":19},"end":{"line":14,"column":65}},"17":{"start":{"line":14,"column":33},"end":{"line":14,"column":47}},"18":{"start":{"line":15,"column":22},"end":{"line":19,"column":55}},"19":{"start":{"line":16,"column":23},"end":{"line":16,"column":59}},"20":{"start":{"line":17,"column":29},"end":{"line":17,"column":59}},"21":{"start":{"line":18,"column":4},"end":{"line":18,"column":28}},"22":{"start":{"line":21,"column":22},"end":{"line":24,"column":29}},"23":{"start":{"line":22,"column":18},"end":{"line":22,"column":40}},"24":{"start":{"line":23,"column":4},"end":{"line":23,"column":27}},"25":{"start":{"line":26,"column":2},"end":{"line":26,"column":21}},"26":{"start":{"line":29,"column":15},"end":{"line":29,"column":37}}},"fnMap":{"0":{"name":"(anonymous_0)","decl":{"start":{"line":5,"column":31},"end":{"line":5,"column":32}},"loc":{"start":{"line":5,"column":69},"end":{"line":27,"column":1}}},"1":{"name":"(anonymous_1)","decl":{"start":{"line":9,"column":27},"end":{"line":9,"column":33}},"loc":{"start":{"line":9,"column":33},"end":{"line":9,"column":52}}},"2":{"name":"(anonymous_2)","decl":{"start":{"line":10,"column":26},"end":{"line":10,"column":32}},"loc":{"start":{"line":10,"column":32},"end":{"line":10,"column":50}}},"3":{"name":"(anonymous_3)","decl":{"start":{"line":11,"column":30},"end":{"line":11,"column":36}},"loc":{"start":{"line":11,"column":36},"end":{"line":11,"column":54}}},"4":{"name":"(anonymous_4)","decl":{"start":{"line":12,"column":36},"end":{"line":12,"column":42}},"loc":{"start":{"line":12,"column":42},"end":{"line":12,"column":57}}},"5":{"name":"(anonymous_5)","decl":{"start":{"line":13,"column":23},"end":{"line":13,"column":29}},"loc":{"start":{"line":13,"column":29},"end":{"line":13,"column":40}}},"6":{"name":"(anonymous_6)","decl":{"start":{"line":14,"column":27},"end":{"line":14,"column":33}},"loc":{"start":{"line":14,"column":33},"end":{"line":14,"column":47}}},"7":{"name":"(anonymous_7)","decl":{"start":{"line":15,"column":30},"end":{"line":15,"column":36}},"loc":{"start":{"line":15,"column":36},"end":{"line":19,"column":5}}},"8":{"name":"(anonymous_8)","decl":{"start":{"line":21,"column":30},"end":{"line":21,"column":36}},"loc":{"start":{"line":21,"column":36},"end":{"line":24,"column":5}}}},"branchMap":{"0":{"loc":{"start":{"line":5,"column":49},"end":{"line":5,"column":64}},"type":"default-arg","locations":[{"start":{"line":5,"column":63},"end":{"line":5,"column":64}}]},"1":{"loc":{"start":{"line":16,"column":23},"end":{"line":16,"column":59}},"type":"cond-expr","locations":[{"start":{"line":16,"column":43},"end":{"line":16,"column":51}},{"start":{"line":16,"column":54},"end":{"line":16,"column":59}}]}},"s":{"0":1,"1":1,"2":1,"3":1,"4":1,"5":1,"6":1,"7":1,"8":1,"9":1,"10":1,"11":1,"12":1,"13":1,"14":1,"15":1,"16":1,"17":1,"18":1,"19":1,"20":1,"21":1,"22":1,"23":1,"24":1,"25":1,"26":1},"f":{"0":1,"1":1,"2":1,"3":1,"4":1,"5":1,"6":1,"7":1,"8":1},"b":{"0":[0],"1":[0,1]}}
,"/Users/simonglancy/Dev/dice-venue-search/src/hooks/use-columnise-data/use-columnise-data.ts": {"path":"/Users/simonglancy/Dev/dice-venue-search/src/hooks/use-columnise-data/use-columnise-data.ts","statementMap":{"0":{"start":{"line":1,"column":42},"end":{"line":1,"column":null}},"1":{"start":{"line":2,"column":36},"end":{"line":2,"column":null}},"2":{"start":{"line":3,"column":43},"end":{"line":3,"column":null}},"3":{"start":{"line":9,"column":25},"end":{"line":35,"column":1}},"4":{"start":{"line":19,"column":6},"end":{"line":19,"column":11}},"5":{"start":{"line":21,"column":22},"end":{"line":21,"column":30}},"6":{"start":{"line":23,"column":23},"end":{"line":25,"column":null}},"7":{"start":{"line":24,"column":10},"end":{"line":24,"column":40}},"8":{"start":{"line":30,"column":51},"end":{"line":32,"column":26}},"9":{"start":{"line":31,"column":4},"end":{"line":31,"column":45}},"10":{"start":{"line":34,"column":2},"end":{"line":34,"column":48}},"11":{"start":{"line":37,"column":15},"end":{"line":37,"column":31}}},"fnMap":{"0":{"name":"(anonymous_0)","decl":{"start":{"line":9,"column":25},"end":{"line":9,"column":36}},"loc":{"start":{"line":9,"column":79},"end":{"line":35,"column":1}}},"1":{"name":"(anonymous_1)","decl":{"start":{"line":24,"column":4},"end":{"line":24,"column":10}},"loc":{"start":{"line":24,"column":10},"end":{"line":24,"column":40}}},"2":{"name":"(anonymous_2)","decl":{"start":{"line":30,"column":59},"end":{"line":30,"column":65}},"loc":{"start":{"line":30,"column":65},"end":{"line":32,"column":5}}}},"branchMap":{"0":{"loc":{"start":{"line":12,"column":4},"end":{"line":16,"column":null}},"type":"default-arg","locations":[{"start":{"line":12,"column":19},"end":{"line":16,"column":null}}]},"1":{"loc":{"start":{"line":17,"column":4},"end":{"line":17,"column":null}},"type":"default-arg","locations":[{"start":{"line":17,"column":20},"end":{"line":17,"column":null}}]},"2":{"loc":{"start":{"line":18,"column":4},"end":{"line":18,"column":21}},"type":"default-arg","locations":[{"start":{"line":18,"column":20},"end":{"line":18,"column":21}}]}},"s":{"0":1,"1":1,"2":1,"3":1,"4":3,"5":3,"6":3,"7":3,"8":3,"9":3,"10":3,"11":1},"f":{"0":3,"1":3,"2":3},"b":{"0":[0],"1":[0],"2":[0]}}
,"/Users/simonglancy/Dev/dice-venue-search/src/hooks/use-event/use-event.ts": {"path":"/Users/simonglancy/Dev/dice-venue-search/src/hooks/use-event/use-event.ts","statementMap":{"0":{"start":{"line":9,"column":16},"end":{"line":9,"column":25}},"1":{"start":{"line":10,"column":16},"end":{"line":10,"column":25}},"2":{"start":{"line":11,"column":21},"end":{"line":11,"column":35}},"3":{"start":{"line":12,"column":13},"end":{"line":12,"column":19}},"4":{"start":{"line":14,"column":17},"end":{"line":82,"column":1}},"5":{"start":{"line":15,"column":28},"end":{"line":17,"column":null}},"6":{"start":{"line":16,"column":10},"end":{"line":16,"column":68}},"7":{"start":{"line":20,"column":33},"end":{"line":22,"column":null}},"8":{"start":{"line":21,"column":10},"end":{"line":21,"column":43}},"9":{"start":{"line":25,"column":25},"end":{"line":33,"column":null}},"10":{"start":{"line":27,"column":6},"end":{"line":32,"column":35}},"11":{"start":{"line":28,"column":8},"end":{"line":30,"column":null}},"12":{"start":{"line":29,"column":10},"end":{"line":29,"column":22}},"13":{"start":{"line":31,"column":8},"end":{"line":31,"column":19}},"14":{"start":{"line":36,"column":36},"end":{"line":41,"column":null}},"15":{"start":{"line":38,"column":6},"end":{"line":40,"column":14}},"16":{"start":{"line":44,"column":19},"end":{"line":46,"column":null}},"17":{"start":{"line":45,"column":10},"end":{"line":45,"column":55}},"18":{"start":{"line":49,"column":29},"end":{"line":51,"column":null}},"19":{"start":{"line":50,"column":10},"end":{"line":50,"column":41}},"20":{"start":{"line":54,"column":20},"end":{"line":56,"column":null}},"21":{"start":{"line":55,"column":10},"end":{"line":55,"column":47}},"22":{"start":{"line":59,"column":23},"end":{"line":61,"column":null}},"23":{"start":{"line":60,"column":11},"end":{"line":60,"column":44}},"24":{"start":{"line":64,"column":28},"end":{"line":69,"column":16}},"25":{"start":{"line":65,"column":4},"end":{"line":67,"column":null}},"26":{"start":{"line":66,"column":6},"end":{"line":66,"column":53}},"27":{"start":{"line":68,"column":4},"end":{"line":68,"column":56}},"28":{"start":{"line":71,"column":2},"end":{"line":81,"column":4}}},"fnMap":{"0":{"name":"(anonymous_0)","decl":{"start":{"line":14,"column":17},"end":{"line":14,"column":18}},"loc":{"start":{"line":14,"column":43},"end":{"line":82,"column":1}}},"1":{"name":"(anonymous_1)","decl":{"start":{"line":16,"column":4},"end":{"line":16,"column":10}},"loc":{"start":{"line":16,"column":10},"end":{"line":16,"column":68}}},"2":{"name":"(anonymous_2)","decl":{"start":{"line":21,"column":4},"end":{"line":21,"column":10}},"loc":{"start":{"line":21,"column":10},"end":{"line":21,"column":43}}},"3":{"name":"(anonymous_3)","decl":{"start":{"line":26,"column":4},"end":{"line":26,"column":null}},"loc":{"start":{"line":27,"column":6},"end":{"line":32,"column":35}}},"4":{"name":"(anonymous_4)","decl":{"start":{"line":27,"column":48},"end":{"line":27,"column":49}},"loc":{"start":{"line":27,"column":63},"end":{"line":32,"column":9}}},"5":{"name":"(anonymous_5)","decl":{"start":{"line":37,"column":4},"end":{"line":37,"column":null}},"loc":{"start":{"line":38,"column":6},"end":{"line":40,"column":14}}},"6":{"name":"(anonymous_6)","decl":{"start":{"line":45,"column":4},"end":{"line":45,"column":10}},"loc":{"start":{"line":45,"column":10},"end":{"line":45,"column":55}}},"7":{"name":"(anonymous_7)","decl":{"start":{"line":50,"column":4},"end":{"line":50,"column":10}},"loc":{"start":{"line":50,"column":10},"end":{"line":50,"column":41}}},"8":{"name":"(anonymous_8)","decl":{"start":{"line":55,"column":4},"end":{"line":55,"column":10}},"loc":{"start":{"line":55,"column":10},"end":{"line":55,"column":47}}},"9":{"name":"(anonymous_9)","decl":{"start":{"line":60,"column":4},"end":{"line":60,"column":11}},"loc":{"start":{"line":60,"column":11},"end":{"line":60,"column":44}}},"10":{"name":"(anonymous_10)","decl":{"start":{"line":64,"column":40},"end":{"line":64,"column":46}},"loc":{"start":{"line":64,"column":46},"end":{"line":69,"column":5}}}},"branchMap":{"0":{"loc":{"start":{"line":28,"column":8},"end":{"line":30,"column":null}},"type":"if","locations":[{"start":{"line":28,"column":8},"end":{"line":30,"column":null}}]},"1":{"loc":{"start":{"line":38,"column":6},"end":{"line":40,"column":14}},"type":"cond-expr","locations":[{"start":{"line":39,"column":10},"end":{"line":39,"column":56}},{"start":{"line":40,"column":10},"end":{"line":40,"column":14}}]},"2":{"loc":{"start":{"line":60,"column":11},"end":{"line":60,"column":44}},"type":"cond-expr","locations":[{"start":{"line":60,"column":22},"end":{"line":60,"column":29}},{"start":{"line":60,"column":32},"end":{"line":60,"column":44}}]},"3":{"loc":{"start":{"line":65,"column":4},"end":{"line":67,"column":null}},"type":"if","locations":[{"start":{"line":65,"column":4},"end":{"line":67,"column":null}}]}},"s":{"0":0,"1":0,"2":0,"3":0,"4":0,"5":0,"6":0,"7":0,"8":0,"9":0,"10":0,"11":0,"12":0,"13":0,"14":0,"15":0,"16":0,"17":0,"18":0,"19":0,"20":0,"21":0,"22":0,"23":0,"24":0,"25":0,"26":0,"27":0,"28":0},"f":{"0":0,"1":0,"2":0,"3":0,"4":0,"5":0,"6":0,"7":0,"8":0,"9":0,"10":0},"b":{"0":[0],"1":[0,0],"2":[0,0],"3":[0]}}
,"/Users/simonglancy/Dev/dice-venue-search/src/hooks/use-event-search/use-event-search.ts": {"path":"/Users/simonglancy/Dev/dice-venue-search/src/hooks/use-event-search/use-event-search.ts","statementMap":{"0":{"start":{"line":7,"column":26},"end":{"line":7,"column":28}},"1":{"start":{"line":8,"column":27},"end":{"line":8,"column":28}},"2":{"start":{"line":9,"column":43},"end":{"line":12,"column":1}},"3":{"start":{"line":14,"column":23},"end":{"line":72,"column":1}},"4":{"start":{"line":15,"column":42},"end":{"line":15,"column":54}},"5":{"start":{"line":16,"column":26},"end":{"line":16,"column":51}},"6":{"start":{"line":17,"column":36},"end":{"line":17,"column":51}},"7":{"start":{"line":18,"column":26},"end":{"line":18,"column":50}},"8":{"start":{"line":19,"column":21},"end":{"line":19,"column":35}},"9":{"start":{"line":21,"column":19},"end":{"line":29,"column":null}},"10":{"start":{"line":23,"column":6},"end":{"line":25,"column":null}},"11":{"start":{"line":24,"column":8},"end":{"line":24,"column":19}},"12":{"start":{"line":27,"column":6},"end":{"line":27,"column":38}},"13":{"start":{"line":32,"column":32},"end":{"line":32,"column":62}},"14":{"start":{"line":34,"column":2},"end":{"line":57,"column":36}},"15":{"start":{"line":35,"column":18},"end":{"line":55,"column":5}},"16":{"start":{"line":36,"column":6},"end":{"line":54,"column":null}},"17":{"start":{"line":37,"column":8},"end":{"line":37,"column":27}},"18":{"start":{"line":38,"column":25},"end":{"line":41,"column":null}},"19":{"start":{"line":44,"column":8},"end":{"line":44,"column":28}},"20":{"start":{"line":45,"column":8},"end":{"line":50,"column":11}},"21":{"start":{"line":46,"column":10},"end":{"line":48,"column":null}},"22":{"start":{"line":47,"column":12},"end":{"line":47,"column":40}},"23":{"start":{"line":49,"column":10},"end":{"line":49,"column":52}},"24":{"start":{"line":52,"column":8},"end":{"line":52,"column":40}},"25":{"start":{"line":53,"column":8},"end":{"line":53,"column":28}},"26":{"start":{"line":56,"column":4},"end":{"line":56,"column":12}},"27":{"start":{"line":59,"column":16},"end":{"line":59,"column":50}},"28":{"start":{"line":59,"column":30},"end":{"line":59,"column":41}},"29":{"start":{"line":60,"column":18},"end":{"line":62,"column":8}},"30":{"start":{"line":61,"column":4},"end":{"line":61,"column":32}},"31":{"start":{"line":61,"column":22},"end":{"line":61,"column":30}},"32":{"start":{"line":64,"column":2},"end":{"line":71,"column":4}}},"fnMap":{"0":{"name":"(anonymous_0)","decl":{"start":{"line":14,"column":23},"end":{"line":14,"column":24}},"loc":{"start":{"line":14,"column":63},"end":{"line":72,"column":1}}},"1":{"name":"(anonymous_1)","decl":{"start":{"line":22,"column":4},"end":{"line":22,"column":5}},"loc":{"start":{"line":22,"column":42},"end":{"line":28,"column":null}}},"2":{"name":"(anonymous_2)","decl":{"start":{"line":34,"column":12},"end":{"line":34,"column":18}},"loc":{"start":{"line":34,"column":18},"end":{"line":57,"column":5}}},"3":{"name":"(anonymous_3)","decl":{"start":{"line":35,"column":18},"end":{"line":35,"column":30}},"loc":{"start":{"line":35,"column":30},"end":{"line":55,"column":5}}},"4":{"name":"(anonymous_4)","decl":{"start":{"line":45,"column":16},"end":{"line":45,"column":17}},"loc":{"start":{"line":45,"column":26},"end":{"line":50,"column":10}}},"5":{"name":"(anonymous_5)","decl":{"start":{"line":59,"column":24},"end":{"line":59,"column":30}},"loc":{"start":{"line":59,"column":30},"end":{"line":59,"column":41}}},"6":{"name":"(anonymous_6)","decl":{"start":{"line":60,"column":30},"end":{"line":60,"column":36}},"loc":{"start":{"line":60,"column":36},"end":{"line":62,"column":5}}},"7":{"name":"(anonymous_7)","decl":{"start":{"line":61,"column":12},"end":{"line":61,"column":13}},"loc":{"start":{"line":61,"column":22},"end":{"line":61,"column":30}}}},"branchMap":{"0":{"loc":{"start":{"line":14,"column":24},"end":{"line":14,"column":58}},"type":"default-arg","locations":[{"start":{"line":14,"column":46},"end":{"line":14,"column":58}}]},"1":{"loc":{"start":{"line":18,"column":35},"end":{"line":18,"column":49}},"type":"binary-expr","locations":[{"start":{"line":18,"column":35},"end":{"line":18,"column":44}},{"start":{"line":18,"column":48},"end":{"line":18,"column":49}}]},"2":{"loc":{"start":{"line":23,"column":6},"end":{"line":25,"column":null}},"type":"if","locations":[{"start":{"line":23,"column":6},"end":{"line":25,"column":null}}]},"3":{"loc":{"start":{"line":46,"column":10},"end":{"line":48,"column":null}},"type":"if","locations":[{"start":{"line":46,"column":10},"end":{"line":48,"column":null}}]}},"s":{"0":0,"1":0,"2":0,"3":0,"4":0,"5":0,"6":0,"7":0,"8":0,"9":0,"10":0,"11":0,"12":0,"13":0,"14":0,"15":0,"16":0,"17":0,"18":0,"19":0,"20":0,"21":0,"22":0,"23":0,"24":0,"25":0,"26":0,"27":0,"28":0,"29":0,"30":0,"31":0,"32":0},"f":{"0":0,"1":0,"2":0,"3":0,"4":0,"5":0,"6":0,"7":0},"b":{"0":[0],"1":[0,0],"2":[0],"3":[0]}}
,"/Users/simonglancy/Dev/dice-venue-search/src/hooks/use-virtual/use-virtual.ts": {"path":"/Users/simonglancy/Dev/dice-venue-search/src/hooks/use-virtual/use-virtual.ts","statementMap":{"0":{"start":{"line":11,"column":28},"end":{"line":11,"column":52}},"1":{"start":{"line":11,"column":47},"end":{"line":11,"column":52}},"2":{"start":{"line":17,"column":19},"end":{"line":103,"column":1}},"3":{"start":{"line":21,"column":29},"end":{"line":23,"column":7}},"4":{"start":{"line":24,"column":21},"end":{"line":24,"column":69}},"5":{"start":{"line":26,"column":17},"end":{"line":30,"column":3}},"6":{"start":{"line":27,"column":4},"end":{"line":29,"column":null}},"7":{"start":{"line":28,"column":6},"end":{"line":28,"column":42}},"8":{"start":{"line":31,"column":20},"end":{"line":31,"column":40}},"9":{"start":{"line":32,"column":2},"end":{"line":32,"column":29}},"10":{"start":{"line":34,"column":16},"end":{"line":51,"column":null}},"11":{"start":{"line":37,"column":10},"end":{"line":49,"column":13}},"12":{"start":{"line":38,"column":23},"end":{"line":38,"column":35}},"13":{"start":{"line":39,"column":30},"end":{"line":39,"column":40}},"14":{"start":{"line":40,"column":24},"end":{"line":40,"column":50}},"15":{"start":{"line":42,"column":12},"end":{"line":44,"column":null}},"16":{"start":{"line":43,"column":14},"end":{"line":43,"column":79}},"17":{"start":{"line":46,"column":27},"end":{"line":46,"column":29}},"18":{"start":{"line":48,"column":12},"end":{"line":48,"column":43}},"19":{"start":{"line":54,"column":2},"end":{"line":59,"column":9}},"20":{"start":{"line":55,"column":15},"end":{"line":55,"column":28}},"21":{"start":{"line":56,"column":4},"end":{"line":58,"column":6}},"22":{"start":{"line":57,"column":6},"end":{"line":57,"column":23}},"23":{"start":{"line":61,"column":55},"end":{"line":61,"column":62}},"24":{"start":{"line":63,"column":35},"end":{"line":89,"column":26}},"25":{"start":{"line":65,"column":6},"end":{"line":78,"column":7}},"26":{"start":{"line":65,"column":32},"end":{"line":78,"column":7}},"27":{"start":{"line":66,"column":8},"end":{"line":68,"column":null}},"28":{"start":{"line":67,"column":10},"end":{"line":67,"column":61}},"29":{"start":{"line":70,"column":8},"end":{"line":75,"column":null}},"30":{"start":{"line":72,"column":10},"end":{"line":72,"column":37}},"31":{"start":{"line":74,"column":10},"end":{"line":74,"column":37}},"32":{"start":{"line":77,"column":8},"end":{"line":77,"column":37}},"33":{"start":{"line":80,"column":70},"end":{"line":80,"column":72}},"34":{"start":{"line":82,"column":4},"end":{"line":86,"column":null}},"35":{"start":{"line":82,"column":17},"end":{"line":82,"column":18}},"36":{"start":{"line":83,"column":18},"end":{"line":83,"column":33}},"37":{"start":{"line":85,"column":6},"end":{"line":85,"column":55}},"38":{"start":{"line":88,"column":4},"end":{"line":88,"column":19}},"39":{"start":{"line":91,"column":25},"end":{"line":91,"column":48}},"40":{"start":{"line":93,"column":23},"end":{"line":100,"column":4}},"41":{"start":{"line":94,"column":4},"end":{"line":94,"column":59}},"42":{"start":{"line":96,"column":4},"end":{"line":99,"column":6}},"43":{"start":{"line":102,"column":2},"end":{"line":102,"column":45}}},"fnMap":{"0":{"name":"(anonymous_0)","decl":{"start":{"line":11,"column":28},"end":{"line":11,"column":29}},"loc":{"start":{"line":11,"column":47},"end":{"line":11,"column":52}}},"1":{"name":"(anonymous_1)","decl":{"start":{"line":17,"column":19},"end":{"line":17,"column":43}},"loc":{"start":{"line":20,"column":18},"end":{"line":103,"column":1}}},"2":{"name":"(anonymous_2)","decl":{"start":{"line":26,"column":17},"end":{"line":26,"column":18}},"loc":{"start":{"line":26,"column":60},"end":{"line":30,"column":3}}},"3":{"name":"(anonymous_3)","decl":{"start":{"line":36,"column":27},"end":{"line":36,"column":28}},"loc":{"start":{"line":36,"column":40},"end":{"line":50,"column":10}}},"4":{"name":"(anonymous_4)","decl":{"start":{"line":37,"column":26},"end":{"line":37,"column":27}},"loc":{"start":{"line":37,"column":37},"end":{"line":49,"column":12}}},"5":{"name":"(anonymous_5)","decl":{"start":{"line":54,"column":18},"end":{"line":54,"column":24}},"loc":{"start":{"line":54,"column":24},"end":{"line":59,"column":5}}},"6":{"name":"(anonymous_6)","decl":{"start":{"line":56,"column":11},"end":{"line":56,"column":17}},"loc":{"start":{"line":56,"column":17},"end":{"line":58,"column":6}}},"7":{"name":"(anonymous_7)","decl":{"start":{"line":63,"column":49},"end":{"line":63,"column":55}},"loc":{"start":{"line":63,"column":55},"end":{"line":89,"column":5}}},"8":{"name":"(anonymous_8)","decl":{"start":{"line":65,"column":6},"end":{"line":65,"column":7}},"loc":{"start":{"line":65,"column":32},"end":{"line":78,"column":7}}},"9":{"name":"(anonymous_9)","decl":{"start":{"line":65,"column":32},"end":{"line":65,"column":33}},"loc":{"start":{"line":65,"column":60},"end":{"line":78,"column":7}}},"10":{"name":"(anonymous_10)","decl":{"start":{"line":93,"column":55},"end":{"line":93,"column":56}},"loc":{"start":{"line":93,"column":65},"end":{"line":100,"column":4}}}},"branchMap":{"0":{"loc":{"start":{"line":18,"column":2},"end":{"line":18,"column":19}},"type":"default-arg","locations":[{"start":{"line":18,"column":15},"end":{"line":18,"column":19}}]},"1":{"loc":{"start":{"line":27,"column":4},"end":{"line":29,"column":null}},"type":"if","locations":[{"start":{"line":27,"column":4},"end":{"line":29,"column":null}}]},"2":{"loc":{"start":{"line":35,"column":4},"end":{"line":51,"column":12}},"type":"cond-expr","locations":[{"start":{"line":36,"column":8},"end":{"line":50,"column":10}},{"start":{"line":51,"column":8},"end":{"line":51,"column":12}}]},"3":{"loc":{"start":{"line":42,"column":12},"end":{"line":44,"column":null}},"type":"if","locations":[{"start":{"line":42,"column":12},"end":{"line":44,"column":null}}]},"4":{"loc":{"start":{"line":61,"column":16},"end":{"line":61,"column":50}},"type":"default-arg","locations":[{"start":{"line":61,"column":31},"end":{"line":61,"column":50}}]},"5":{"loc":{"start":{"line":66,"column":8},"end":{"line":68,"column":null}},"type":"if","locations":[{"start":{"line":66,"column":8},"end":{"line":68,"column":null}}]},"6":{"loc":{"start":{"line":70,"column":8},"end":{"line":75,"column":null}},"type":"if","locations":[{"start":{"line":70,"column":8},"end":{"line":75,"column":null}}]}},"s":{"0":0,"1":0,"2":0,"3":0,"4":0,"5":0,"6":0,"7":0,"8":0,"9":0,"10":0,"11":0,"12":0,"13":0,"14":0,"15":0,"16":0,"17":0,"18":0,"19":0,"20":0,"21":0,"22":0,"23":0,"24":0,"25":0,"26":0,"27":0,"28":0,"29":0,"30":0,"31":0,"32":0,"33":0,"34":0,"35":0,"36":0,"37":0,"38":0,"39":0,"40":0,"41":0,"42":0,"43":0},"f":{"0":0,"1":0,"2":0,"3":0,"4":0,"5":0,"6":0,"7":0,"8":0,"9":0,"10":0},"b":{"0":[0],"1":[0],"2":[0,0],"3":[0],"4":[0],"5":[0],"6":[0]}}
,"/Users/simonglancy/Dev/dice-venue-search/src/pages/Events/Events.tsx": {"path":"/Users/simonglancy/Dev/dice-venue-search/src/pages/Events/Events.tsx","statementMap":{"0":{"start":{"line":17,"column":33},"end":{"line":17,"column":50}},"1":{"start":{"line":18,"column":39},"end":{"line":18,"column":71}},"2":{"start":{"line":19,"column":25},"end":{"line":19,"column":36}},"3":{"start":{"line":20,"column":28},"end":{"line":20,"column":46}},"4":{"start":{"line":21,"column":23},"end":{"line":21,"column":36}},"5":{"start":{"line":23,"column":19},"end":{"line":69,"column":1}},"6":{"start":{"line":25,"column":4},"end":{"line":25,"column":9}},"7":{"start":{"line":27,"column":18},"end":{"line":27,"column":46}},"8":{"start":{"line":29,"column":52},"end":{"line":29,"column":75}},"9":{"start":{"line":31,"column":20},"end":{"line":36,"column":25}},"10":{"start":{"line":32,"column":4},"end":{"line":34,"column":null}},"11":{"start":{"line":33,"column":6},"end":{"line":33,"column":21}},"12":{"start":{"line":35,"column":4},"end":{"line":35,"column":47}},"13":{"start":{"line":38,"column":21},"end":{"line":46,"column":null}},"14":{"start":{"line":40,"column":6},"end":{"line":44,"column":8}},"15":{"start":{"line":49,"column":2},"end":{"line":67,"column":null}}},"fnMap":{"0":{"name":"(anonymous_0)","decl":{"start":{"line":23,"column":19},"end":{"line":23,"column":20}},"loc":{"start":{"line":23,"column":47},"end":{"line":69,"column":1}}},"1":{"name":"(anonymous_1)","decl":{"start":{"line":31,"column":28},"end":{"line":31,"column":34}},"loc":{"start":{"line":31,"column":34},"end":{"line":36,"column":5}}},"2":{"name":"(anonymous_2)","decl":{"start":{"line":39,"column":4},"end":{"line":39,"column":5}},"loc":{"start":{"line":40,"column":6},"end":{"line":44,"column":8}}}},"branchMap":{"0":{"loc":{"start":{"line":24,"column":10},"end":{"line":24,"column":35}},"type":"default-arg","locations":[{"start":{"line":24,"column":18},"end":{"line":24,"column":35}}]},"1":{"loc":{"start":{"line":24,"column":37},"end":{"line":24,"column":73}},"type":"default-arg","locations":[{"start":{"line":24,"column":50},"end":{"line":24,"column":73}}]},"2":{"loc":{"start":{"line":29,"column":16},"end":{"line":29,"column":27}},"type":"default-arg","locations":[{"start":{"line":29,"column":25},"end":{"line":29,"column":27}}]},"3":{"loc":{"start":{"line":32,"column":4},"end":{"line":34,"column":null}},"type":"if","locations":[{"start":{"line":32,"column":4},"end":{"line":34,"column":null}}]},"4":{"loc":{"start":{"line":32,"column":8},"end":{"line":32,"column":35}},"type":"binary-expr","locations":[{"start":{"line":32,"column":8},"end":{"line":32,"column":17}},{"start":{"line":32,"column":21},"end":{"line":32,"column":35}}]},"5":{"loc":{"start":{"line":35,"column":11},"end":{"line":35,"column":46}},"type":"cond-expr","locations":[{"start":{"line":35,"column":28},"end":{"line":35,"column":33}},{"start":{"line":35,"column":36},"end":{"line":35,"column":46}}]},"6":{"loc":{"start":{"line":60,"column":7},"end":{"line":64,"column":null}},"type":"binary-expr","locations":[{"start":{"line":60,"column":7},"end":{"line":60,"column":22}},{"start":{"line":61,"column":8},"end":{"line":64,"column":null}}]},"7":{"loc":{"start":{"line":63,"column":13},"end":{"line":63,"column":49}},"type":"cond-expr","locations":[{"start":{"line":63,"column":25},"end":{"line":63,"column":37}},{"start":{"line":63,"column":40},"end":{"line":63,"column":49}}]}},"s":{"0":0,"1":0,"2":0,"3":0,"4":0,"5":0,"6":0,"7":0,"8":0,"9":0,"10":0,"11":0,"12":0,"13":0,"14":0,"15":0},"f":{"0":0,"1":0,"2":0},"b":{"0":[0],"1":[0],"2":[0],"3":[0],"4":[0,0],"5":[0,0],"6":[0,0],"7":[0,0]}}
,"/Users/simonglancy/Dev/dice-venue-search/src/pages/Events/components/EventCard/EventCard.tsx": {"path":"/Users/simonglancy/Dev/dice-venue-search/src/pages/Events/components/EventCard/EventCard.tsx","statementMap":{"0":{"start":{"line":13,"column":18},"end":{"line":78,"column":1}},"1":{"start":{"line":14,"column":37},"end":{"line":14,"column":42}},"2":{"start":{"line":15,"column":20},"end":{"line":15,"column":39}},"3":{"start":{"line":26,"column":6},"end":{"line":26,"column":25}},"4":{"start":{"line":28,"column":2},"end":{"line":76,"column":null}}},"fnMap":{"0":{"name":"(anonymous_0)","decl":{"start":{"line":13,"column":18},"end":{"line":13,"column":19}},"loc":{"start":{"line":13,"column":76},"end":{"line":78,"column":1}}}},"branchMap":{"0":{"loc":{"start":{"line":39,"column":9},"end":{"line":39,"column":44}},"type":"binary-expr","locations":[{"start":{"line":39,"column":9},"end":{"line":39,"column":18}},{"start":{"line":39,"column":22},"end":{"line":39,"column":44}}]},"1":{"loc":{"start":{"line":48,"column":19},"end":{"line":48,"column":63}},"type":"cond-expr","locations":[{"start":{"line":48,"column":41},"end":{"line":48,"column":52}},{"start":{"line":48,"column":55},"end":{"line":48,"column":63}}]}},"s":{"0":0,"1":0,"2":0,"3":0,"4":0},"f":{"0":0},"b":{"0":[0,0],"1":[0,0]}}
,"/Users/simonglancy/Dev/dice-venue-search/src/pages/Events/components/EventImage/EventImage.style.ts": {"path":"/Users/simonglancy/Dev/dice-venue-search/src/pages/Events/components/EventImage/EventImage.style.ts","statementMap":{"0":{"start":{"line":12,"column":27},"end":{"line":17,"column":null}},"1":{"start":{"line":13,"column":25},"end":{"line":17,"column":1}},"2":{"start":{"line":20,"column":21},"end":{"line":33,"column":null}},"3":{"start":{"line":21,"column":20},"end":{"line":33,"column":1}}},"fnMap":{"0":{"name":"(anonymous_0)","decl":{"start":{"line":13,"column":2},"end":{"line":13,"column":3}},"loc":{"start":{"line":13,"column":25},"end":{"line":17,"column":1}}},"1":{"name":"(anonymous_1)","decl":{"start":{"line":21,"column":2},"end":{"line":21,"column":3}},"loc":{"start":{"line":21,"column":20},"end":{"line":33,"column":1}}}},"branchMap":{"0":{"loc":{"start":{"line":26,"column":4},"end":{"line":31,"column":10}},"type":"cond-expr","locations":[{"start":{"line":27,"column":8},"end":{"line":30,"column":3}},{"start":{"line":31,"column":8},"end":{"line":31,"column":10}}]}},"s":{"0":0,"1":0,"2":0,"3":0},"f":{"0":0,"1":0},"b":{"0":[0,0]}}
,"/Users/simonglancy/Dev/dice-venue-search/src/pages/Events/components/EventImage/EventImage.tsx": {"path":"/Users/simonglancy/Dev/dice-venue-search/src/pages/Events/components/EventImage/EventImage.tsx","statementMap":{"0":{"start":{"line":12,"column":19},"end":{"line":35,"column":1}},"1":{"start":{"line":13,"column":48},"end":{"line":13,"column":53}},"2":{"start":{"line":14,"column":34},"end":{"line":14,"column":49}},"3":{"start":{"line":16,"column":28},"end":{"line":18,"column":null}},"4":{"start":{"line":17,"column":24},"end":{"line":17,"column":42}},"5":{"start":{"line":20,"column":19},"end":{"line":22,"column":null}},"6":{"start":{"line":21,"column":10},"end":{"line":21,"column":36}},"7":{"start":{"line":25,"column":2},"end":{"line":33,"column":null}},"8":{"start":{"line":31,"column":22},"end":{"line":31,"column":45}}},"fnMap":{"0":{"name":"(anonymous_0)","decl":{"start":{"line":12,"column":19},"end":{"line":12,"column":20}},"loc":{"start":{"line":12,"column":47},"end":{"line":35,"column":1}}},"1":{"name":"(anonymous_1)","decl":{"start":{"line":17,"column":4},"end":{"line":17,"column":5}},"loc":{"start":{"line":17,"column":24},"end":{"line":17,"column":42}}},"2":{"name":"(anonymous_2)","decl":{"start":{"line":21,"column":4},"end":{"line":21,"column":10}},"loc":{"start":{"line":21,"column":10},"end":{"line":21,"column":36}}},"3":{"name":"(anonymous_3)","decl":{"start":{"line":31,"column":16},"end":{"line":31,"column":22}},"loc":{"start":{"line":31,"column":22},"end":{"line":31,"column":45}}}},"branchMap":{"0":{"loc":{"start":{"line":21,"column":10},"end":{"line":21,"column":36}},"type":"binary-expr","locations":[{"start":{"line":21,"column":10},"end":{"line":21,"column":30}},{"start":{"line":21,"column":34},"end":{"line":21,"column":36}}]},"1":{"loc":{"start":{"line":27,"column":7},"end":{"line":27,"column":null}},"type":"binary-expr","locations":[{"start":{"line":27,"column":7},"end":{"line":27,"column":16}},{"start":{"line":27,"column":20},"end":{"line":27,"column":null}}]}},"s":{"0":0,"1":0,"2":0,"3":0,"4":0,"5":0,"6":0,"7":0,"8":0},"f":{"0":0,"1":0,"2":0,"3":0},"b":{"0":[0,0],"1":[0,0]}}
,"/Users/simonglancy/Dev/dice-venue-search/src/pages/Events/components/MoreInfo/MoreInfo.tsx": {"path":"/Users/simonglancy/Dev/dice-venue-search/src/pages/Events/components/MoreInfo/MoreInfo.tsx","statementMap":{"0":{"start":{"line":16,"column":18},"end":{"line":16,"column":29}},"1":{"start":{"line":17,"column":18},"end":{"line":17,"column":29}},"2":{"start":{"line":18,"column":15},"end":{"line":18,"column":26}},"3":{"start":{"line":19,"column":16},"end":{"line":19,"column":25}},"4":{"start":{"line":20,"column":16},"end":{"line":20,"column":25}},"5":{"start":{"line":27,"column":15},"end":{"line":35,"column":1}},"6":{"start":{"line":28,"column":42},"end":{"line":28,"column":47}},"7":{"start":{"line":29,"column":2},"end":{"line":33,"column":null}},"8":{"start":{"line":37,"column":17},"end":{"line":72,"column":1}},"9":{"start":{"line":44,"column":6},"end":{"line":44,"column":11}},"10":{"start":{"line":46,"column":2},"end":{"line":70,"column":null}},"11":{"start":{"line":56,"column":14},"end":{"line":56,"column":59}},"12":{"start":{"line":66,"column":12},"end":{"line":66,"column":62}}},"fnMap":{"0":{"name":"(anonymous_2)","decl":{"start":{"line":27,"column":15},"end":{"line":27,"column":16}},"loc":{"start":{"line":27,"column":39},"end":{"line":35,"column":1}}},"1":{"name":"(anonymous_3)","decl":{"start":{"line":37,"column":17},"end":{"line":37,"column":18}},"loc":{"start":{"line":37,"column":43},"end":{"line":72,"column":1}}},"2":{"name":"(anonymous_4)","decl":{"start":{"line":55,"column":24},"end":{"line":55,"column":25}},"loc":{"start":{"line":56,"column":14},"end":{"line":56,"column":59}}},"3":{"name":"(anonymous_5)","decl":{"start":{"line":65,"column":22},"end":{"line":65,"column":23}},"loc":{"start":{"line":66,"column":12},"end":{"line":66,"column":62}}}},"branchMap":{"0":{"loc":{"start":{"line":28,"column":10},"end":{"line":28,"column":31}},"type":"default-arg","locations":[{"start":{"line":28,"column":25},"end":{"line":28,"column":31}}]},"1":{"loc":{"start":{"line":41,"column":4},"end":{"line":41,"column":55}},"type":"default-arg","locations":[{"start":{"line":41,"column":12},"end":{"line":41,"column":55}}]},"2":{"loc":{"start":{"line":41,"column":12},"end":{"line":41,"column":55}},"type":"cond-expr","locations":[{"start":{"line":41,"column":34},"end":{"line":41,"column":43}},{"start":{"line":41,"column":46},"end":{"line":41,"column":55}}]},"3":{"loc":{"start":{"line":42,"column":4},"end":{"line":42,"column":25}},"type":"default-arg","locations":[{"start":{"line":42,"column":18},"end":{"line":42,"column":25}}]},"4":{"loc":{"start":{"line":43,"column":4},"end":{"line":43,"column":26}},"type":"default-arg","locations":[{"start":{"line":43,"column":19},"end":{"line":43,"column":26}}]},"5":{"loc":{"start":{"line":51,"column":9},"end":{"line":58,"column":12}},"type":"binary-expr","locations":[{"start":{"line":51,"column":9},"end":{"line":51,"column":35}},{"start":{"line":52,"column":10},"end":{"line":58,"column":12}}]}},"s":{"0":0,"1":0,"2":0,"3":0,"4":0,"5":0,"6":0,"7":0,"8":0,"9":0,"10":0,"11":0,"12":0},"f":{"0":0,"1":0,"2":0,"3":0},"b":{"0":[0],"1":[0],"2":[0,0],"3":[0],"4":[0],"5":[0,0]}}
,"/Users/simonglancy/Dev/dice-venue-search/src/pages/Events/components/OnSaleIndicator/OnSaleIndicator.style.ts": {"path":"/Users/simonglancy/Dev/dice-venue-search/src/pages/Events/components/OnSaleIndicator/OnSaleIndicator.style.ts","statementMap":{"0":{"start":{"line":3,"column":39},"end":{"line":15,"column":null}},"1":{"start":{"line":4,"column":17},"end":{"line":15,"column":1}}},"fnMap":{"0":{"name":"(anonymous_0)","decl":{"start":{"line":4,"column":2},"end":{"line":4,"column":3}},"loc":{"start":{"line":4,"column":17},"end":{"line":15,"column":1}}}},"branchMap":{},"s":{"0":0,"1":0},"f":{"0":0},"b":{}}
,"/Users/simonglancy/Dev/dice-venue-search/src/pages/Events/components/OnSaleIndicator/OnSaleIndicator.tsx": {"path":"/Users/simonglancy/Dev/dice-venue-search/src/pages/Events/components/OnSaleIndicator/OnSaleIndicator.tsx","statementMap":{"0":{"start":{"line":8,"column":24},"end":{"line":14,"column":1}},"1":{"start":{"line":9,"column":42},"end":{"line":9,"column":47}},"2":{"start":{"line":11,"column":2},"end":{"line":13,"column":11}}},"fnMap":{"0":{"name":"(anonymous_0)","decl":{"start":{"line":8,"column":24},"end":{"line":8,"column":25}},"loc":{"start":{"line":8,"column":57},"end":{"line":14,"column":1}}}},"branchMap":{"0":{"loc":{"start":{"line":11,"column":9},"end":{"line":13,"column":10}},"type":"cond-expr","locations":[{"start":{"line":12,"column":4},"end":{"line":12,"column":74}},{"start":{"line":13,"column":6},"end":{"line":13,"column":10}}]}},"s":{"0":0,"1":0,"2":0},"f":{"0":0},"b":{"0":[0,0]}}
,"/Users/simonglancy/Dev/dice-venue-search/src/pages/Events/components/Ticket/Ticket.tsx": {"path":"/Users/simonglancy/Dev/dice-venue-search/src/pages/Events/components/Ticket/Ticket.tsx","statementMap":{"0":{"start":{"line":12,"column":17},"end":{"line":12,"column":27}},"1":{"start":{"line":13,"column":13},"end":{"line":13,"column":19}},"2":{"start":{"line":15,"column":20},"end":{"line":19,"column":null}},"3":{"start":{"line":16,"column":17},"end":{"line":19,"column":1}},"4":{"start":{"line":22,"column":15},"end":{"line":35,"column":1}},"5":{"start":{"line":23,"column":47},"end":{"line":23,"column":52}},"6":{"start":{"line":24,"column":2},"end":{"line":33,"column":null}}},"fnMap":{"0":{"name":"(anonymous_0)","decl":{"start":{"line":16,"column":2},"end":{"line":16,"column":3}},"loc":{"start":{"line":16,"column":17},"end":{"line":19,"column":1}}},"1":{"name":"(anonymous_1)","decl":{"start":{"line":22,"column":15},"end":{"line":22,"column":16}},"loc":{"start":{"line":22,"column":39},"end":{"line":35,"column":1}}}},"branchMap":{"0":{"loc":{"start":{"line":23,"column":18},"end":{"line":23,"column":42}},"type":"default-arg","locations":[{"start":{"line":23,"column":34},"end":{"line":23,"column":42}}]},"1":{"loc":{"start":{"line":29,"column":11},"end":{"line":29,"column":77}},"type":"cond-expr","locations":[{"start":{"line":29,"column":32},"end":{"line":29,"column":70}},{"start":{"line":29,"column":73},"end":{"line":29,"column":77}}]},"2":{"loc":{"start":{"line":32,"column":7},"end":{"line":32,"column":68}},"type":"binary-expr","locations":[{"start":{"line":32,"column":7},"end":{"line":32,"column":22}},{"start":{"line":32,"column":26},"end":{"line":32,"column":68}}]}},"s":{"0":0,"1":0,"2":0,"3":0,"4":0,"5":0,"6":0},"f":{"0":0,"1":0},"b":{"0":[0],"1":[0,0],"2":[0,0]}}
,"/Users/simonglancy/Dev/dice-venue-search/src/pages/Events/components/TicketCostSummary/TicketCostSummary.tsx": {"path":"/Users/simonglancy/Dev/dice-venue-search/src/pages/Events/components/TicketCostSummary/TicketCostSummary.tsx","statementMap":{"0":{"start":{"line":10,"column":13},"end":{"line":10,"column":19}},"1":{"start":{"line":12,"column":26},"end":{"line":24,"column":1}},"2":{"start":{"line":17,"column":6},"end":{"line":17,"column":11}},"3":{"start":{"line":18,"column":2},"end":{"line":22,"column":null}}},"fnMap":{"0":{"name":"(anonymous_0)","decl":{"start":{"line":12,"column":26},"end":{"line":12,"column":27}},"loc":{"start":{"line":12,"column":61},"end":{"line":24,"column":1}}}},"branchMap":{"0":{"loc":{"start":{"line":16,"column":4},"end":{"line":16,"column":15}},"type":"default-arg","locations":[{"start":{"line":16,"column":11},"end":{"line":16,"column":15}}]},"1":{"loc":{"start":{"line":20,"column":7},"end":{"line":20,"column":52}},"type":"binary-expr","locations":[{"start":{"line":20,"column":7},"end":{"line":20,"column":29}},{"start":{"line":20,"column":33},"end":{"line":20,"column":52}}]}},"s":{"0":0,"1":0,"2":0,"3":0},"f":{"0":0},"b":{"0":[0],"1":[0,0]}}
,"/Users/simonglancy/Dev/dice-venue-search/src/services/index.ts": {"path":"/Users/simonglancy/Dev/dice-venue-search/src/services/index.ts","statementMap":{"0":{"start":{"line":2,"column":17},"end":{"line":4,"column":1}}},"fnMap":{},"branchMap":{},"s":{"0":0},"f":{},"b":{}}
,"/Users/simonglancy/Dev/dice-venue-search/src/services/events/events.ts": {"path":"/Users/simonglancy/Dev/dice-venue-search/src/services/events/events.ts","statementMap":{"0":{"start":{"line":14,"column":32},"end":{"line":14,"column":41}},"1":{"start":{"line":17,"column":23},"end":{"line":17,"column":39}},"2":{"start":{"line":20,"column":30},"end":{"line":20,"column":78}},"3":{"start":{"line":21,"column":4},"end":{"line":23,"column":6}}},"fnMap":{"0":{"name":"(anonymous_0)","decl":{"start":{"line":19,"column":2},"end":{"line":19,"column":11}},"loc":{"start":{"line":19,"column":48},"end":{"line":24,"column":null}}}},"branchMap":{"0":{"loc":{"start":{"line":19,"column":12},"end":{"line":19,"column":23}},"type":"default-arg","locations":[{"start":{"line":19,"column":21},"end":{"line":19,"column":23}}]},"1":{"loc":{"start":{"line":19,"column":25},"end":{"line":19,"column":34}},"type":"default-arg","locations":[{"start":{"line":19,"column":32},"end":{"line":19,"column":34}}]},"2":{"loc":{"start":{"line":19,"column":36},"end":{"line":19,"column":46}},"type":"default-arg","locations":[{"start":{"line":19,"column":45},"end":{"line":19,"column":46}}]},"3":{"loc":{"start":{"line":20,"column":30},"end":{"line":20,"column":78}},"type":"cond-expr","locations":[{"start":{"line":20,"column":46},"end":{"line":20,"column":73}},{"start":{"line":20,"column":76},"end":{"line":20,"column":78}}]}},"s":{"0":0,"1":0,"2":0,"3":0},"f":{"0":0},"b":{"0":[0],"1":[0],"2":[0],"3":[0,0]}}
,"/Users/simonglancy/Dev/dice-venue-search/src/theme/index.tsx": {"path":"/Users/simonglancy/Dev/dice-venue-search/src/theme/index.tsx","statementMap":{"0":{"start":{"line":2,"column":2},"end":{"line":2,"column":13}},"1":{"start":{"line":3,"column":2},"end":{"line":4,"column":16}},"2":{"start":{"line":5,"column":2},"end":{"line":5,"column":null}},"3":{"start":{"line":6,"column":7},"end":{"line":6,"column":null}}},"fnMap":{},"branchMap":{},"s":{"0":1,"1":0,"2":1,"3":1},"f":{},"b":{}}
,"/Users/simonglancy/Dev/dice-venue-search/src/theme/theme.tsx": {"path":"/Users/simonglancy/Dev/dice-venue-search/src/theme/theme.tsx","statementMap":{"0":{"start":{"line":4,"column":26},"end":{"line":4,"column":null}},"1":{"start":{"line":6,"column":16},"end":{"line":13,"column":1}},"2":{"start":{"line":15,"column":18},"end":{"line":15,"column":19}},"3":{"start":{"line":16,"column":24},"end":{"line":16,"column":31}},"4":{"start":{"line":18,"column":16},"end":{"line":18,"column":58}},"5":{"start":{"line":18,"column":38},"end":{"line":18,"column":58}},"6":{"start":{"line":20,"column":14},"end":{"line":51,"column":1}},"7":{"start":{"line":61,"column":26},"end":{"line":61,"column":32}},"8":{"start":{"line":61,"column":13},"end":{"line":61,"column":26}},"9":{"start":{"line":62,"column":24},"end":{"line":62,"column":36}},"10":{"start":{"line":62,"column":13},"end":{"line":62,"column":24}},"11":{"start":{"line":63,"column":15},"end":{"line":63,"column":20}}},"fnMap":{"0":{"name":"(anonymous_3)","decl":{"start":{"line":18,"column":16},"end":{"line":18,"column":17}},"loc":{"start":{"line":18,"column":38},"end":{"line":18,"column":58}}}},"branchMap":{},"s":{"0":1,"1":1,"2":1,"3":1,"4":1,"5":9,"6":1,"7":1,"8":1,"9":1,"10":1,"11":1},"f":{"0":9},"b":{}}
,"/Users/simonglancy/Dev/dice-venue-search/src/utils/columnise-data.ts": {"path":"/Users/simonglancy/Dev/dice-venue-search/src/utils/columnise-data.ts","statementMap":{"0":{"start":{"line":3,"column":29},"end":{"line":24,"column":1}},"1":{"start":{"line":7,"column":17},"end":{"line":21,"column":null}},"2":{"start":{"line":9,"column":20},"end":{"line":9,"column":29}},"3":{"start":{"line":10,"column":25},"end":{"line":10,"column":50}},"4":{"start":{"line":11,"column":29},"end":{"line":11,"column":59}},"5":{"start":{"line":13,"column":6},"end":{"line":19,"column":8}},"6":{"start":{"line":23,"column":2},"end":{"line":23,"column":16}},"7":{"start":{"line":3,"column":13},"end":{"line":3,"column":29}}},"fnMap":{"0":{"name":"(anonymous_0)","decl":{"start":{"line":3,"column":29},"end":{"line":3,"column":null}},"loc":{"start":{"line":6,"column":5},"end":{"line":24,"column":1}}},"1":{"name":"(anonymous_1)","decl":{"start":{"line":8,"column":4},"end":{"line":8,"column":5}},"loc":{"start":{"line":8,"column":19},"end":{"line":20,"column":null}}}},"branchMap":{"0":{"loc":{"start":{"line":16,"column":19},"end":{"line":16,"column":null}},"type":"cond-expr","locations":[{"start":{"line":16,"column":38},"end":{"line":16,"column":66}},{"start":{"line":16,"column":66},"end":{"line":16,"column":null}}]},"1":{"loc":{"start":{"line":18,"column":15},"end":{"line":18,"column":41}},"type":"cond-expr","locations":[{"start":{"line":18,"column":28},"end":{"line":18,"column":29}},{"start":{"line":18,"column":32},"end":{"line":18,"column":41}}]}},"s":{"0":1,"1":3,"2":27,"3":27,"4":27,"5":27,"6":3,"7":1},"f":{"0":3,"1":27},"b":{"0":[21,6],"1":[16,11]}}
,"/Users/simonglancy/Dev/dice-venue-search/src/utils/dates.ts": {"path":"/Users/simonglancy/Dev/dice-venue-search/src/utils/dates.ts","statementMap":{"0":{"start":{"line":1,"column":25},"end":{"line":1,"column":null}},"1":{"start":{"line":3,"column":31},"end":{"line":5,"column":1}},"2":{"start":{"line":4,"column":2},"end":{"line":4,"column":47}},"3":{"start":{"line":3,"column":13},"end":{"line":3,"column":31}},"4":{"start":{"line":7,"column":32},"end":{"line":9,"column":1}},"5":{"start":{"line":8,"column":2},"end":{"line":8,"column":35}},"6":{"start":{"line":7,"column":13},"end":{"line":7,"column":32}},"7":{"start":{"line":11,"column":33},"end":{"line":14,"column":1}},"8":{"start":{"line":12,"column":14},"end":{"line":12,"column":19}},"9":{"start":{"line":13,"column":2},"end":{"line":13,"column":34}},"10":{"start":{"line":11,"column":13},"end":{"line":11,"column":33}}},"fnMap":{"0":{"name":"(anonymous_1)","decl":{"start":{"line":3,"column":31},"end":{"line":3,"column":32}},"loc":{"start":{"line":3,"column":49},"end":{"line":5,"column":1}}},"1":{"name":"(anonymous_2)","decl":{"start":{"line":7,"column":32},"end":{"line":7,"column":33}},"loc":{"start":{"line":7,"column":50},"end":{"line":9,"column":1}}},"2":{"name":"(anonymous_3)","decl":{"start":{"line":11,"column":33},"end":{"line":11,"column":34}},"loc":{"start":{"line":11,"column":51},"end":{"line":14,"column":1}}}},"branchMap":{},"s":{"0":1,"1":1,"2":0,"3":1,"4":1,"5":0,"6":1,"7":1,"8":0,"9":0,"10":1},"f":{"0":0,"1":0,"2":0},"b":{}}
,"/Users/simonglancy/Dev/dice-venue-search/src/utils/hex.ts": {"path":"/Users/simonglancy/Dev/dice-venue-search/src/utils/hex.ts","statementMap":{"0":{"start":{"line":1,"column":28},"end":{"line":5,"column":1}},"1":{"start":{"line":2,"column":19},"end":{"line":2,"column":46}},"2":{"start":{"line":3,"column":19},"end":{"line":3,"column":40}},"3":{"start":{"line":4,"column":2},"end":{"line":4,"column":49}},"4":{"start":{"line":1,"column":13},"end":{"line":1,"column":28}}},"fnMap":{"0":{"name":"(anonymous_0)","decl":{"start":{"line":1,"column":28},"end":{"line":1,"column":29}},"loc":{"start":{"line":1,"column":43},"end":{"line":5,"column":1}}}},"branchMap":{},"s":{"0":1,"1":0,"2":0,"3":0,"4":1},"f":{"0":0},"b":{}}
,"/Users/simonglancy/Dev/dice-venue-search/src/utils/index.ts": {"path":"/Users/simonglancy/Dev/dice-venue-search/src/utils/index.ts","statementMap":{"0":{"start":{"line":1,"column":9},"end":{"line":1,"column":26}},"1":{"start":{"line":1,"column":26},"end":{"line":1,"column":44}},"2":{"start":{"line":1,"column":44},"end":{"line":1,"column":69}},"3":{"start":{"line":2,"column":9},"end":{"line":2,"column":35}},"4":{"start":{"line":3,"column":9},"end":{"line":3,"column":29}},"5":{"start":{"line":4,"column":9},"end":{"line":4,"column":30}},"6":{"start":{"line":1,"column":69},"end":{"line":1,"column":null}},"7":{"start":{"line":2,"column":35},"end":{"line":2,"column":null}},"8":{"start":{"line":3,"column":29},"end":{"line":3,"column":null}},"9":{"start":{"line":4,"column":30},"end":{"line":4,"column":null}}},"fnMap":{},"branchMap":{},"s":{"0":0,"1":0,"2":0,"3":0,"4":0,"5":3,"6":1,"7":1,"8":1,"9":1},"f":{},"b":{}}
,"/Users/simonglancy/Dev/dice-venue-search/src/utils/money.ts": {"path":"/Users/simonglancy/Dev/dice-venue-search/src/utils/money.ts","statementMap":{"0":{"start":{"line":1,"column":57},"end":{"line":1,"column":59}},"1":{"start":{"line":3,"column":23},"end":{"line":13,"column":1}},"2":{"start":{"line":4,"column":2},"end":{"line":10,"column":null}},"3":{"start":{"line":5,"column":4},"end":{"line":9,"column":7}},"4":{"start":{"line":12,"column":2},"end":{"line":12,"column":30}},"5":{"start":{"line":15,"column":15},"end":{"line":15,"column":29}},"6":{"start":{"line":17,"column":34},"end":{"line":21,"column":1}},"7":{"start":{"line":18,"column":23},"end":{"line":18,"column":41}},"8":{"start":{"line":19,"column":20},"end":{"line":19,"column":44}},"9":{"start":{"line":20,"column":2},"end":{"line":20,"column":40}},"10":{"start":{"line":17,"column":13},"end":{"line":17,"column":34}}},"fnMap":{"0":{"name":"(anonymous_0)","decl":{"start":{"line":3,"column":23},"end":{"line":3,"column":24}},"loc":{"start":{"line":3,"column":45},"end":{"line":13,"column":1}}},"1":{"name":"(anonymous_1)","decl":{"start":{"line":17,"column":34},"end":{"line":17,"column":35}},"loc":{"start":{"line":17,"column":78},"end":{"line":21,"column":1}}}},"branchMap":{"0":{"loc":{"start":{"line":4,"column":2},"end":{"line":10,"column":null}},"type":"if","locations":[{"start":{"line":4,"column":2},"end":{"line":10,"column":null}}]},"1":{"loc":{"start":{"line":17,"column":57},"end":{"line":17,"column":73}},"type":"default-arg","locations":[{"start":{"line":17,"column":68},"end":{"line":17,"column":73}}]}},"s":{"0":1,"1":1,"2":0,"3":0,"4":0,"5":1,"6":1,"7":0,"8":0,"9":0,"10":1},"f":{"0":0,"1":0},"b":{"0":[0],"1":[0]}}
}
